[2013-08-12T07:18:09.003Z] (sys) Starting

events.js:72
        throw er; // Unhandled 'error' event
              ^
Error: listen EADDRINUSE
    at errnoException (net.js:900:11)
    at Server._listen2 (net.js:1038:14)
    at listen (net.js:1060:10)
    at Server.listen (net.js:1126:5)
    at Object.<anonymous> (/home/xdurana/github.uoc.es/lrs/app.js:24:24)
    at Module._compile (module.js:456:26)
    at Object.Module._extensions..js (module.js:474:10)
    at Module.load (module.js:356:32)
    at Function.Module._load (module.js:312:12)
    at Function.Module.runMain (module.js:497:10)
[2013-08-12T07:18:10.155Z] (sys) Starting

events.js:72
        throw er; // Unhandled 'error' event
              ^
Error: listen EADDRINUSE
    at errnoException (net.js:900:11)
    at Server._listen2 (net.js:1038:14)
    at listen (net.js:1060:10)
    at Server.listen (net.js:1126:5)
    at Object.<anonymous> (/home/xdurana/github.uoc.es/lrs/app.js:24:24)
    at Module._compile (module.js:456:26)
    at Object.Module._extensions..js (module.js:474:10)
    at Module.load (module.js:356:32)
    at Function.Module._load (module.js:312:12)
    at Function.Module.runMain (module.js:497:10)
[2013-08-12T07:18:10.435Z] (sys) Starting

events.js:72
        throw er; // Unhandled 'error' event
              ^
Error: listen EADDRINUSE
    at errnoException (net.js:900:11)
    at Server._listen2 (net.js:1038:14)
    at listen (net.js:1060:10)
    at Server.listen (net.js:1126:5)
    at Object.<anonymous> (/home/xdurana/github.uoc.es/lrs/app.js:24:24)
    at Module._compile (module.js:456:26)
    at Object.Module._extensions..js (module.js:474:10)
    at Module.load (module.js:356:32)
    at Function.Module._load (module.js:312:12)
    at Function.Module.runMain (module.js:497:10)
[2013-08-12T07:18:10.701Z] (sys) Starting

events.js:72
        throw er; // Unhandled 'error' event
              ^
Error: listen EADDRINUSE
    at errnoException (net.js:900:11)
    at Server._listen2 (net.js:1038:14)
    at listen (net.js:1060:10)
    at Server.listen (net.js:1126:5)
    at Object.<anonymous> (/home/xdurana/github.uoc.es/lrs/app.js:24:24)
    at Module._compile (module.js:456:26)
    at Object.Module._extensions..js (module.js:474:10)
    at Module.load (module.js:356:32)
    at Function.Module._load (module.js:312:12)
    at Function.Module.runMain (module.js:497:10)
[2013-08-12T07:18:10.975Z] (sys) Starting

events.js:72
        throw er; // Unhandled 'error' event
              ^
Error: listen EADDRINUSE
    at errnoException (net.js:900:11)
    at Server._listen2 (net.js:1038:14)
    at listen (net.js:1060:10)
    at Server.listen (net.js:1126:5)
    at Object.<anonymous> (/home/xdurana/github.uoc.es/lrs/app.js:24:24)
    at Module._compile (module.js:456:26)
    at Object.Module._extensions..js (module.js:474:10)
    at Module.load (module.js:356:32)
    at Function.Module._load (module.js:312:12)
    at Function.Module.runMain (module.js:497:10)
[2013-08-12T07:18:11.252Z] (sys) Starting

events.js:72
        throw er; // Unhandled 'error' event
              ^
Error: listen EADDRINUSE
    at errnoException (net.js:900:11)
    at Server._listen2 (net.js:1038:14)
    at listen (net.js:1060:10)
    at Server.listen (net.js:1126:5)
    at Object.<anonymous> (/home/xdurana/github.uoc.es/lrs/app.js:24:24)
    at Module._compile (module.js:456:26)
    at Object.Module._extensions..js (module.js:474:10)
    at Module.load (module.js:356:32)
    at Function.Module._load (module.js:312:12)
    at Function.Module.runMain (module.js:497:10)
[2013-08-12T07:18:46.653Z] (sys) Starting
Express server listening on port 3040
[90mGET /xapi/statements [32m200 [90m8006ms[0m
[90mGET /favicon.ico [33m404 [90m0ms[0m
[90mGET /favicon.ico [33m404 [90m0ms[0m
[2013-08-12T07:20:27.851Z] (sys) Starting
Express server listening on port 3040
[90mGET /xapi/statements [32m200 [90m5359ms[0m
[90mGET /favicon.ico [33m404 [90m1ms[0m
[90mGET /favicon.ico [33m404 [90m0ms[0m
[2013-08-12T07:21:06.525Z] (sys) Starting
Express server listening on port 3040
[90mGET /xapi/statements [32m200 [90m55ms - 16.27kb[0m
[90mGET /favicon.ico [33m404 [90m1ms[0m
[90mGET /favicon.ico [33m404 [90m1ms[0m
[90mGET /xapi/statements [32m200 [90m939256ms[0m
[90mGET /xapi/statements [32m200 [90m460585ms[0m
[90mGET /xapi/statements [32m200 [90m25ms[0m
[90mGET /favicon.ico [33m404 [90m1ms[0m
[90mGET /favicon.ico [33m404 [90m0ms[0m
[90mGET /xapi/statements [32m200 [90m1ms[0m
[90mGET /favicon.ico [33m404 [90m0ms[0m
[90mGET /favicon.ico [33m404 [90m0ms[0m
[2013-08-12T09:16:14.764Z] (sys) Starting

module.js:340
    throw err;
          ^
Error: Cannot find module 'express'
    at Function.Module._resolveFilename (module.js:338:15)
    at Function.Module._load (module.js:280:25)
    at Module.require (module.js:364:17)
    at require (module.js:380:17)
    at Object.<anonymous> (/home/xdurana/github.uoc.es/lrs/app.js:1:77)
    at Module._compile (module.js:456:26)
    at Object.Module._extensions..js (module.js:474:10)
    at Module.load (module.js:356:32)
    at Function.Module._load (module.js:312:12)
    at Function.Module.runMain (module.js:497:10)
[2013-08-12T09:16:14.838Z] (sys) Starting

module.js:340
    throw err;
          ^
Error: Cannot find module 'express'
    at Function.Module._resolveFilename (module.js:338:15)
    at Function.Module._load (module.js:280:25)
    at Module.require (module.js:364:17)
    at require (module.js:380:17)
    at Object.<anonymous> (/home/xdurana/github.uoc.es/lrs/app.js:1:77)
    at Module._compile (module.js:456:26)
    at Object.Module._extensions..js (module.js:474:10)
    at Module.load (module.js:356:32)
    at Function.Module._load (module.js:312:12)
    at Function.Module.runMain (module.js:497:10)
[2013-08-12T09:16:14.879Z] (sys) Starting

module.js:340
    throw err;
          ^
Error: Cannot find module 'express'
    at Function.Module._resolveFilename (module.js:338:15)
    at Function.Module._load (module.js:280:25)
    at Module.require (module.js:364:17)
    at require (module.js:380:17)
    at Object.<anonymous> (/home/xdurana/github.uoc.es/lrs/app.js:1:77)
    at Module._compile (module.js:456:26)
    at Object.Module._extensions..js (module.js:474:10)
    at Module.load (module.js:356:32)
    at Function.Module._load (module.js:312:12)
    at Function.Module.runMain (module.js:497:10)
[2013-08-12T09:16:14.926Z] (sys) Starting

module.js:340
    throw err;
          ^
Error: Cannot find module 'express'
    at Function.Module._resolveFilename (module.js:338:15)
    at Function.Module._load (module.js:280:25)
    at Module.require (module.js:364:17)
    at require (module.js:380:17)
    at Object.<anonymous> (/home/xdurana/github.uoc.es/lrs/app.js:1:77)
    at Module._compile (module.js:456:26)
    at Object.Module._extensions..js (module.js:474:10)
    at Module.load (module.js:356:32)
    at Function.Module._load (module.js:312:12)
    at Function.Module.runMain (module.js:497:10)
[2013-08-12T09:16:14.972Z] (sys) Starting

module.js:340
    throw err;
          ^
Error: Cannot find module 'express'
    at Function.Module._resolveFilename (module.js:338:15)
    at Function.Module._load (module.js:280:25)
    at Module.require (module.js:364:17)
    at require (module.js:380:17)
    at Object.<anonymous> (/home/xdurana/github.uoc.es/lrs/app.js:1:77)
    at Module._compile (module.js:456:26)
    at Object.Module._extensions..js (module.js:474:10)
    at Module.load (module.js:356:32)
    at Function.Module._load (module.js:312:12)
    at Function.Module.runMain (module.js:497:10)
[2013-08-12T09:16:15.011Z] (sys) Starting

module.js:340
    throw err;
          ^
Error: Cannot find module 'express'
    at Function.Module._resolveFilename (module.js:338:15)
    at Function.Module._load (module.js:280:25)
    at Module.require (module.js:364:17)
    at require (module.js:380:17)
    at Object.<anonymous> (/home/xdurana/github.uoc.es/lrs/app.js:1:77)
    at Module._compile (module.js:456:26)
    at Object.Module._extensions..js (module.js:474:10)
    at Module.load (module.js:356:32)
    at Function.Module._load (module.js:312:12)
    at Function.Module.runMain (module.js:497:10)
[2013-08-12T09:34:56.261Z] (sys) Starting

module.js:340
    throw err;
          ^
Error: Cannot find module 'express'
    at Function.Module._resolveFilename (module.js:338:15)
    at Function.Module._load (module.js:280:25)
    at Module.require (module.js:364:17)
    at require (module.js:380:17)
    at Object.<anonymous> (/home/xdurana/github.uoc.es/lrs/app.js:1:77)
    at Module._compile (module.js:456:26)
    at Object.Module._extensions..js (module.js:474:10)
    at Module.load (module.js:356:32)
    at Function.Module._load (module.js:312:12)
    at Function.Module.runMain (module.js:497:10)
[2013-08-12T09:34:56.308Z] (sys) Starting

module.js:340
    throw err;
          ^
Error: Cannot find module 'express'
    at Function.Module._resolveFilename (module.js:338:15)
    at Function.Module._load (module.js:280:25)
    at Module.require (module.js:364:17)
    at require (module.js:380:17)
    at Object.<anonymous> (/home/xdurana/github.uoc.es/lrs/app.js:1:77)
    at Module._compile (module.js:456:26)
    at Object.Module._extensions..js (module.js:474:10)
    at Module.load (module.js:356:32)
    at Function.Module._load (module.js:312:12)
    at Function.Module.runMain (module.js:497:10)
[2013-08-12T09:34:56.358Z] (sys) Starting

module.js:340
    throw err;
          ^
Error: Cannot find module 'express'
    at Function.Module._resolveFilename (module.js:338:15)
    at Function.Module._load (module.js:280:25)
    at Module.require (module.js:364:17)
    at require (module.js:380:17)
    at Object.<anonymous> (/home/xdurana/github.uoc.es/lrs/app.js:1:77)
    at Module._compile (module.js:456:26)
    at Object.Module._extensions..js (module.js:474:10)
    at Module.load (module.js:356:32)
    at Function.Module._load (module.js:312:12)
    at Function.Module.runMain (module.js:497:10)
[2013-08-12T09:34:56.407Z] (sys) Starting

module.js:340
    throw err;
          ^
Error: Cannot find module 'express'
    at Function.Module._resolveFilename (module.js:338:15)
    at Function.Module._load (module.js:280:25)
    at Module.require (module.js:364:17)
    at require (module.js:380:17)
    at Object.<anonymous> (/home/xdurana/github.uoc.es/lrs/app.js:1:77)
    at Module._compile (module.js:456:26)
    at Object.Module._extensions..js (module.js:474:10)
    at Module.load (module.js:356:32)
    at Function.Module._load (module.js:312:12)
    at Function.Module.runMain (module.js:497:10)
[2013-08-12T09:34:56.448Z] (sys) Starting

module.js:340
    throw err;
          ^
Error: Cannot find module 'express'
    at Function.Module._resolveFilename (module.js:338:15)
    at Function.Module._load (module.js:280:25)
    at Module.require (module.js:364:17)
    at require (module.js:380:17)
    at Object.<anonymous> (/home/xdurana/github.uoc.es/lrs/app.js:1:77)
    at Module._compile (module.js:456:26)
    at Object.Module._extensions..js (module.js:474:10)
    at Module.load (module.js:356:32)
    at Function.Module._load (module.js:312:12)
    at Function.Module.runMain (module.js:497:10)
[2013-08-12T09:34:56.491Z] (sys) Starting

module.js:340
    throw err;
          ^
Error: Cannot find module 'express'
    at Function.Module._resolveFilename (module.js:338:15)
    at Function.Module._load (module.js:280:25)
    at Module.require (module.js:364:17)
    at require (module.js:380:17)
    at Object.<anonymous> (/home/xdurana/github.uoc.es/lrs/app.js:1:77)
    at Module._compile (module.js:456:26)
    at Object.Module._extensions..js (module.js:474:10)
    at Module.load (module.js:356:32)
    at Function.Module._load (module.js:312:12)
    at Function.Module.runMain (module.js:497:10)
[2013-08-12T09:37:40.223Z] (sys) Starting

module.js:340
    throw err;
          ^
Error: Cannot find module 'express'
    at Function.Module._resolveFilename (module.js:338:15)
    at Function.Module._load (module.js:280:25)
    at Module.require (module.js:364:17)
    at require (module.js:380:17)
    at Object.<anonymous> (/home/xdurana/github.uoc.es/lrs/app.js:1:77)
    at Module._compile (module.js:456:26)
    at Object.Module._extensions..js (module.js:474:10)
    at Module.load (module.js:356:32)
    at Function.Module._load (module.js:312:12)
    at Function.Module.runMain (module.js:497:10)
[2013-08-12T09:37:40.271Z] (sys) Starting

module.js:340
    throw err;
          ^
Error: Cannot find module 'express'
    at Function.Module._resolveFilename (module.js:338:15)
    at Function.Module._load (module.js:280:25)
    at Module.require (module.js:364:17)
    at require (module.js:380:17)
    at Object.<anonymous> (/home/xdurana/github.uoc.es/lrs/app.js:1:77)
    at Module._compile (module.js:456:26)
    at Object.Module._extensions..js (module.js:474:10)
    at Module.load (module.js:356:32)
    at Function.Module._load (module.js:312:12)
    at Function.Module.runMain (module.js:497:10)
[2013-08-12T09:37:40.309Z] (sys) Starting

module.js:340
    throw err;
          ^
Error: Cannot find module 'express'
    at Function.Module._resolveFilename (module.js:338:15)
    at Function.Module._load (module.js:280:25)
    at Module.require (module.js:364:17)
    at require (module.js:380:17)
    at Object.<anonymous> (/home/xdurana/github.uoc.es/lrs/app.js:1:77)
    at Module._compile (module.js:456:26)
    at Object.Module._extensions..js (module.js:474:10)
    at Module.load (module.js:356:32)
    at Function.Module._load (module.js:312:12)
    at Function.Module.runMain (module.js:497:10)
[2013-08-12T09:37:40.349Z] (sys) Starting

module.js:340
    throw err;
          ^
Error: Cannot find module 'express'
    at Function.Module._resolveFilename (module.js:338:15)
    at Function.Module._load (module.js:280:25)
    at Module.require (module.js:364:17)
    at require (module.js:380:17)
    at Object.<anonymous> (/home/xdurana/github.uoc.es/lrs/app.js:1:77)
    at Module._compile (module.js:456:26)
    at Object.Module._extensions..js (module.js:474:10)
    at Module.load (module.js:356:32)
    at Function.Module._load (module.js:312:12)
    at Function.Module.runMain (module.js:497:10)
[2013-08-12T09:37:40.406Z] (sys) Starting

module.js:340
    throw err;
          ^
Error: Cannot find module 'express'
    at Function.Module._resolveFilename (module.js:338:15)
    at Function.Module._load (module.js:280:25)
    at Module.require (module.js:364:17)
    at require (module.js:380:17)
    at Object.<anonymous> (/home/xdurana/github.uoc.es/lrs/app.js:1:77)
    at Module._compile (module.js:456:26)
    at Object.Module._extensions..js (module.js:474:10)
    at Module.load (module.js:356:32)
    at Function.Module._load (module.js:312:12)
    at Function.Module.runMain (module.js:497:10)
[2013-08-12T09:37:40.457Z] (sys) Starting

module.js:340
    throw err;
          ^
Error: Cannot find module 'express'
    at Function.Module._resolveFilename (module.js:338:15)
    at Function.Module._load (module.js:280:25)
    at Module.require (module.js:364:17)
    at require (module.js:380:17)
    at Object.<anonymous> (/home/xdurana/github.uoc.es/lrs/app.js:1:77)
    at Module._compile (module.js:456:26)
    at Object.Module._extensions..js (module.js:474:10)
    at Module.load (module.js:356:32)
    at Function.Module._load (module.js:312:12)
    at Function.Module.runMain (module.js:497:10)
[2013-08-12T09:42:59.002Z] (sys) Starting

module.js:340
    throw err;
          ^
Error: Cannot find module 'express'
    at Function.Module._resolveFilename (module.js:338:15)
    at Function.Module._load (module.js:280:25)
    at Module.require (module.js:364:17)
    at require (module.js:380:17)
    at Object.<anonymous> (/home/xdurana/github.uoc.es/lrs/app.js:1:77)
    at Module._compile (module.js:456:26)
    at Object.Module._extensions..js (module.js:474:10)
    at Module.load (module.js:356:32)
    at Function.Module._load (module.js:312:12)
    at Function.Module.runMain (module.js:497:10)
[2013-08-12T09:42:59.043Z] (sys) Starting

module.js:340
    throw err;
          ^
Error: Cannot find module 'express'
    at Function.Module._resolveFilename (module.js:338:15)
    at Function.Module._load (module.js:280:25)
    at Module.require (module.js:364:17)
    at require (module.js:380:17)
    at Object.<anonymous> (/home/xdurana/github.uoc.es/lrs/app.js:1:77)
    at Module._compile (module.js:456:26)
    at Object.Module._extensions..js (module.js:474:10)
    at Module.load (module.js:356:32)
    at Function.Module._load (module.js:312:12)
    at Function.Module.runMain (module.js:497:10)
[2013-08-12T09:42:59.086Z] (sys) Starting

module.js:340
    throw err;
          ^
Error: Cannot find module 'express'
    at Function.Module._resolveFilename (module.js:338:15)
    at Function.Module._load (module.js:280:25)
    at Module.require (module.js:364:17)
    at require (module.js:380:17)
    at Object.<anonymous> (/home/xdurana/github.uoc.es/lrs/app.js:1:77)
    at Module._compile (module.js:456:26)
    at Object.Module._extensions..js (module.js:474:10)
    at Module.load (module.js:356:32)
    at Function.Module._load (module.js:312:12)
    at Function.Module.runMain (module.js:497:10)
[2013-08-12T09:42:59.132Z] (sys) Starting

module.js:340
    throw err;
          ^
Error: Cannot find module 'express'
    at Function.Module._resolveFilename (module.js:338:15)
    at Function.Module._load (module.js:280:25)
    at Module.require (module.js:364:17)
    at require (module.js:380:17)
    at Object.<anonymous> (/home/xdurana/github.uoc.es/lrs/app.js:1:77)
    at Module._compile (module.js:456:26)
    at Object.Module._extensions..js (module.js:474:10)
    at Module.load (module.js:356:32)
    at Function.Module._load (module.js:312:12)
    at Function.Module.runMain (module.js:497:10)
[2013-08-12T09:42:59.176Z] (sys) Starting

module.js:340
    throw err;
          ^
Error: Cannot find module 'express'
    at Function.Module._resolveFilename (module.js:338:15)
    at Function.Module._load (module.js:280:25)
    at Module.require (module.js:364:17)
    at require (module.js:380:17)
    at Object.<anonymous> (/home/xdurana/github.uoc.es/lrs/app.js:1:77)
    at Module._compile (module.js:456:26)
    at Object.Module._extensions..js (module.js:474:10)
    at Module.load (module.js:356:32)
    at Function.Module._load (module.js:312:12)
    at Function.Module.runMain (module.js:497:10)
[2013-08-12T09:42:59.216Z] (sys) Starting

module.js:340
    throw err;
          ^
Error: Cannot find module 'express'
    at Function.Module._resolveFilename (module.js:338:15)
    at Function.Module._load (module.js:280:25)
    at Module.require (module.js:364:17)
    at require (module.js:380:17)
    at Object.<anonymous> (/home/xdurana/github.uoc.es/lrs/app.js:1:77)
    at Module._compile (module.js:456:26)
    at Object.Module._extensions..js (module.js:474:10)
    at Module.load (module.js:356:32)
    at Function.Module._load (module.js:312:12)
    at Function.Module.runMain (module.js:497:10)
[2013-08-12T09:43:00.461Z] (sys) Starting

module.js:340
    throw err;
          ^
Error: Cannot find module 'express'
    at Function.Module._resolveFilename (module.js:338:15)
    at Function.Module._load (module.js:280:25)
    at Module.require (module.js:364:17)
    at require (module.js:380:17)
    at Object.<anonymous> (/home/xdurana/github.uoc.es/lrs/app.js:1:77)
    at Module._compile (module.js:456:26)
    at Object.Module._extensions..js (module.js:474:10)
    at Module.load (module.js:356:32)
    at Function.Module._load (module.js:312:12)
    at Function.Module.runMain (module.js:497:10)
[2013-08-12T09:43:00.520Z] (sys) Starting

module.js:340
    throw err;
          ^
Error: Cannot find module 'express'
    at Function.Module._resolveFilename (module.js:338:15)
    at Function.Module._load (module.js:280:25)
    at Module.require (module.js:364:17)
    at require (module.js:380:17)
    at Object.<anonymous> (/home/xdurana/github.uoc.es/lrs/app.js:1:77)
    at Module._compile (module.js:456:26)
    at Object.Module._extensions..js (module.js:474:10)
    at Module.load (module.js:356:32)
    at Function.Module._load (module.js:312:12)
    at Function.Module.runMain (module.js:497:10)
[2013-08-12T09:43:00.564Z] (sys) Starting

module.js:340
    throw err;
          ^
Error: Cannot find module 'express'
    at Function.Module._resolveFilename (module.js:338:15)
    at Function.Module._load (module.js:280:25)
    at Module.require (module.js:364:17)
    at require (module.js:380:17)
    at Object.<anonymous> (/home/xdurana/github.uoc.es/lrs/app.js:1:77)
    at Module._compile (module.js:456:26)
    at Object.Module._extensions..js (module.js:474:10)
    at Module.load (module.js:356:32)
    at Function.Module._load (module.js:312:12)
    at Function.Module.runMain (module.js:497:10)
[2013-08-12T09:43:00.608Z] (sys) Starting

module.js:340
    throw err;
          ^
Error: Cannot find module 'express'
    at Function.Module._resolveFilename (module.js:338:15)
    at Function.Module._load (module.js:280:25)
    at Module.require (module.js:364:17)
    at require (module.js:380:17)
    at Object.<anonymous> (/home/xdurana/github.uoc.es/lrs/app.js:1:77)
    at Module._compile (module.js:456:26)
    at Object.Module._extensions..js (module.js:474:10)
    at Module.load (module.js:356:32)
    at Function.Module._load (module.js:312:12)
    at Function.Module.runMain (module.js:497:10)
[2013-08-12T09:43:00.652Z] (sys) Starting

module.js:340
    throw err;
          ^
Error: Cannot find module 'express'
    at Function.Module._resolveFilename (module.js:338:15)
    at Function.Module._load (module.js:280:25)
    at Module.require (module.js:364:17)
    at require (module.js:380:17)
    at Object.<anonymous> (/home/xdurana/github.uoc.es/lrs/app.js:1:77)
    at Module._compile (module.js:456:26)
    at Object.Module._extensions..js (module.js:474:10)
    at Module.load (module.js:356:32)
    at Function.Module._load (module.js:312:12)
    at Function.Module.runMain (module.js:497:10)
[2013-08-12T09:43:00.702Z] (sys) Starting

module.js:340
    throw err;
          ^
Error: Cannot find module 'express'
    at Function.Module._resolveFilename (module.js:338:15)
    at Function.Module._load (module.js:280:25)
    at Module.require (module.js:364:17)
    at require (module.js:380:17)
    at Object.<anonymous> (/home/xdurana/github.uoc.es/lrs/app.js:1:77)
    at Module._compile (module.js:456:26)
    at Object.Module._extensions..js (module.js:474:10)
    at Module.load (module.js:356:32)
    at Function.Module._load (module.js:312:12)
    at Function.Module.runMain (module.js:497:10)
[2013-08-12T09:43:28.733Z] (sys) Starting

module.js:340
    throw err;
          ^
Error: Cannot find module 'express'
    at Function.Module._resolveFilename (module.js:338:15)
    at Function.Module._load (module.js:280:25)
    at Module.require (module.js:364:17)
    at require (module.js:380:17)
    at Object.<anonymous> (/home/xdurana/github.uoc.es/lrs/app.js:1:77)
    at Module._compile (module.js:456:26)
    at Object.Module._extensions..js (module.js:474:10)
    at Module.load (module.js:356:32)
    at Function.Module._load (module.js:312:12)
    at Function.Module.runMain (module.js:497:10)
[2013-08-12T09:43:28.785Z] (sys) Starting

module.js:340
    throw err;
          ^
Error: Cannot find module 'express'
    at Function.Module._resolveFilename (module.js:338:15)
    at Function.Module._load (module.js:280:25)
    at Module.require (module.js:364:17)
    at require (module.js:380:17)
    at Object.<anonymous> (/home/xdurana/github.uoc.es/lrs/app.js:1:77)
    at Module._compile (module.js:456:26)
    at Object.Module._extensions..js (module.js:474:10)
    at Module.load (module.js:356:32)
    at Function.Module._load (module.js:312:12)
    at Function.Module.runMain (module.js:497:10)
[2013-08-12T09:43:28.833Z] (sys) Starting

module.js:340
    throw err;
          ^
Error: Cannot find module 'express'
    at Function.Module._resolveFilename (module.js:338:15)
    at Function.Module._load (module.js:280:25)
    at Module.require (module.js:364:17)
    at require (module.js:380:17)
    at Object.<anonymous> (/home/xdurana/github.uoc.es/lrs/app.js:1:77)
    at Module._compile (module.js:456:26)
    at Object.Module._extensions..js (module.js:474:10)
    at Module.load (module.js:356:32)
    at Function.Module._load (module.js:312:12)
    at Function.Module.runMain (module.js:497:10)
[2013-08-12T09:43:28.879Z] (sys) Starting

module.js:340
    throw err;
          ^
Error: Cannot find module 'express'
    at Function.Module._resolveFilename (module.js:338:15)
    at Function.Module._load (module.js:280:25)
    at Module.require (module.js:364:17)
    at require (module.js:380:17)
    at Object.<anonymous> (/home/xdurana/github.uoc.es/lrs/app.js:1:77)
    at Module._compile (module.js:456:26)
    at Object.Module._extensions..js (module.js:474:10)
    at Module.load (module.js:356:32)
    at Function.Module._load (module.js:312:12)
    at Function.Module.runMain (module.js:497:10)
[2013-08-12T09:43:28.921Z] (sys) Starting

module.js:340
    throw err;
          ^
Error: Cannot find module 'express'
    at Function.Module._resolveFilename (module.js:338:15)
    at Function.Module._load (module.js:280:25)
    at Module.require (module.js:364:17)
    at require (module.js:380:17)
    at Object.<anonymous> (/home/xdurana/github.uoc.es/lrs/app.js:1:77)
    at Module._compile (module.js:456:26)
    at Object.Module._extensions..js (module.js:474:10)
    at Module.load (module.js:356:32)
    at Function.Module._load (module.js:312:12)
    at Function.Module.runMain (module.js:497:10)
[2013-08-12T09:43:28.973Z] (sys) Starting

module.js:340
    throw err;
          ^
Error: Cannot find module 'express'
    at Function.Module._resolveFilename (module.js:338:15)
    at Function.Module._load (module.js:280:25)
    at Module.require (module.js:364:17)
    at require (module.js:380:17)
    at Object.<anonymous> (/home/xdurana/github.uoc.es/lrs/app.js:1:77)
    at Module._compile (module.js:456:26)
    at Object.Module._extensions..js (module.js:474:10)
    at Module.load (module.js:356:32)
    at Function.Module._load (module.js:312:12)
    at Function.Module.runMain (module.js:497:10)
[2013-08-12T09:48:54.019Z] (sys) Starting
/home/xdurana/github.uoc.es/lrs/config/config.json
Express server listening on port 3040
[90mGET /xapi/statements [36m304 [90m24ms[0m
[90mGET /favicon.ico [33m404 [90m2ms[0m
[90mGET /favicon.ico [33m404 [90m1ms[0m
[2013-08-12T09:49:22.643Z] (sys) Starting
/home/xdurana/github.uoc.es/lrs/config/config.json
Express server listening on port 3040
[90mGET /xapi/statements [36m304 [90m31ms[0m
[90mGET /favicon.ico [33m404 [90m1ms[0m
[90mGET /favicon.ico [33m404 [90m0ms[0m
[90mGET /xapi/statements [32m200 [90m16ms - 16.27kb[0m
[90mGET /favicon.ico [33m404 [90m1ms[0m
[90mGET /favicon.ico [33m404 [90m0ms[0m
[2013-08-12T09:49:56.829Z] (sys) Starting
/home/campus/nodejsHome/lrs/config/config.json
Express server listening on port 3040
[90mGET /xapi/statements [32m200 [90m35ms - 16.27kb[0m
[90mGET /favicon.ico [33m404 [90m1ms[0m
[90mGET /favicon.ico [33m404 [90m0ms[0m
[90mGET /xapi/statements [32m200 [90m19ms - 16.27kb[0m
[90mGET /favicon.ico [33m404 [90m0ms[0m
[90mGET /favicon.ico [33m404 [90m0ms[0m
[90mGET /xapi/ [33m404 [90m1ms[0m
[90mGET /favicon.ico [33m404 [90m0ms[0m
[90mGET /favicon.ico [33m404 [90m1ms[0m
[90mGET /xapi/statements [36m304 [90m15ms[0m
[90mGET /favicon.ico [33m404 [90m0ms[0m
[90mGET /favicon.ico [33m404 [90m0ms[0m
[2013-08-12T10:07:26.333Z] (sys) Starting
/home/campus/configHome/lrs/config.json

events.js:72
        throw er; // Unhandled 'error' event
              ^
Error: listen EADDRINUSE
    at errnoException (net.js:900:11)
    at Server._listen2 (net.js:1038:14)
    at listen (net.js:1060:10)
    at Server.listen (net.js:1126:5)
    at Object.<anonymous> (/home/xdurana/github.uoc.es/lrs/app.js:24:24)
    at Module._compile (module.js:456:26)
    at Object.Module._extensions..js (module.js:474:10)
    at Module.load (module.js:356:32)
    at Function.Module._load (module.js:312:12)
    at Function.Module.runMain (module.js:497:10)
[2013-08-12T10:07:26.618Z] (sys) Starting
/home/campus/configHome/lrs/config.json

events.js:72
        throw er; // Unhandled 'error' event
              ^
Error: listen EADDRINUSE
    at errnoException (net.js:900:11)
    at Server._listen2 (net.js:1038:14)
    at listen (net.js:1060:10)
    at Server.listen (net.js:1126:5)
    at Object.<anonymous> (/home/xdurana/github.uoc.es/lrs/app.js:24:24)
    at Module._compile (module.js:456:26)
    at Object.Module._extensions..js (module.js:474:10)
    at Module.load (module.js:356:32)
    at Function.Module._load (module.js:312:12)
    at Function.Module.runMain (module.js:497:10)
[2013-08-12T10:07:26.905Z] (sys) Starting
/home/campus/configHome/lrs/config.json

events.js:72
        throw er; // Unhandled 'error' event
              ^
Error: listen EADDRINUSE
    at errnoException (net.js:900:11)
    at Server._listen2 (net.js:1038:14)
    at listen (net.js:1060:10)
    at Server.listen (net.js:1126:5)
    at Object.<anonymous> (/home/xdurana/github.uoc.es/lrs/app.js:24:24)
    at Module._compile (module.js:456:26)
    at Object.Module._extensions..js (module.js:474:10)
    at Module.load (module.js:356:32)
    at Function.Module._load (module.js:312:12)
    at Function.Module.runMain (module.js:497:10)
[2013-08-12T10:07:27.193Z] (sys) Starting
/home/campus/configHome/lrs/config.json

events.js:72
        throw er; // Unhandled 'error' event
              ^
Error: listen EADDRINUSE
    at errnoException (net.js:900:11)
    at Server._listen2 (net.js:1038:14)
    at listen (net.js:1060:10)
    at Server.listen (net.js:1126:5)
    at Object.<anonymous> (/home/xdurana/github.uoc.es/lrs/app.js:24:24)
    at Module._compile (module.js:456:26)
    at Object.Module._extensions..js (module.js:474:10)
    at Module.load (module.js:356:32)
    at Function.Module._load (module.js:312:12)
    at Function.Module.runMain (module.js:497:10)
[2013-08-12T10:07:27.474Z] (sys) Starting
/home/campus/configHome/lrs/config.json

events.js:72
        throw er; // Unhandled 'error' event
              ^
Error: listen EADDRINUSE
    at errnoException (net.js:900:11)
    at Server._listen2 (net.js:1038:14)
    at listen (net.js:1060:10)
    at Server.listen (net.js:1126:5)
    at Object.<anonymous> (/home/xdurana/github.uoc.es/lrs/app.js:24:24)
    at Module._compile (module.js:456:26)
    at Object.Module._extensions..js (module.js:474:10)
    at Module.load (module.js:356:32)
    at Function.Module._load (module.js:312:12)
    at Function.Module.runMain (module.js:497:10)
[2013-08-12T10:07:27.748Z] (sys) Starting
/home/campus/configHome/lrs/config.json

events.js:72
        throw er; // Unhandled 'error' event
              ^
Error: listen EADDRINUSE
    at errnoException (net.js:900:11)
    at Server._listen2 (net.js:1038:14)
    at listen (net.js:1060:10)
    at Server.listen (net.js:1126:5)
    at Object.<anonymous> (/home/xdurana/github.uoc.es/lrs/app.js:24:24)
    at Module._compile (module.js:456:26)
    at Object.Module._extensions..js (module.js:474:10)
    at Module.load (module.js:356:32)
    at Function.Module._load (module.js:312:12)
    at Function.Module.runMain (module.js:497:10)
[2013-08-12T10:09:16.661Z] (sys) Starting
/home/campus/configHome/lrs/config.json

events.js:72
        throw er; // Unhandled 'error' event
              ^
Error: listen EADDRINUSE
    at errnoException (net.js:900:11)
    at Server._listen2 (net.js:1038:14)
    at listen (net.js:1060:10)
    at Server.listen (net.js:1126:5)
    at Object.<anonymous> (/home/xdurana/github.uoc.es/lrs/app.js:24:24)
    at Module._compile (module.js:456:26)
    at Object.Module._extensions..js (module.js:474:10)
    at Module.load (module.js:356:32)
    at Function.Module._load (module.js:312:12)
    at Function.Module.runMain (module.js:497:10)
[2013-08-12T10:09:16.940Z] (sys) Starting
/home/campus/configHome/lrs/config.json

events.js:72
        throw er; // Unhandled 'error' event
              ^
Error: listen EADDRINUSE
    at errnoException (net.js:900:11)
    at Server._listen2 (net.js:1038:14)
    at listen (net.js:1060:10)
    at Server.listen (net.js:1126:5)
    at Object.<anonymous> (/home/xdurana/github.uoc.es/lrs/app.js:24:24)
    at Module._compile (module.js:456:26)
    at Object.Module._extensions..js (module.js:474:10)
    at Module.load (module.js:356:32)
    at Function.Module._load (module.js:312:12)
    at Function.Module.runMain (module.js:497:10)
[2013-08-12T10:09:17.215Z] (sys) Starting
/home/campus/configHome/lrs/config.json

events.js:72
        throw er; // Unhandled 'error' event
              ^
Error: listen EADDRINUSE
    at errnoException (net.js:900:11)
    at Server._listen2 (net.js:1038:14)
    at listen (net.js:1060:10)
    at Server.listen (net.js:1126:5)
    at Object.<anonymous> (/home/xdurana/github.uoc.es/lrs/app.js:24:24)
    at Module._compile (module.js:456:26)
    at Object.Module._extensions..js (module.js:474:10)
    at Module.load (module.js:356:32)
    at Function.Module._load (module.js:312:12)
    at Function.Module.runMain (module.js:497:10)
[2013-08-12T10:09:17.506Z] (sys) Starting
/home/campus/configHome/lrs/config.json

events.js:72
        throw er; // Unhandled 'error' event
              ^
Error: listen EADDRINUSE
    at errnoException (net.js:900:11)
    at Server._listen2 (net.js:1038:14)
    at listen (net.js:1060:10)
    at Server.listen (net.js:1126:5)
    at Object.<anonymous> (/home/xdurana/github.uoc.es/lrs/app.js:24:24)
    at Module._compile (module.js:456:26)
    at Object.Module._extensions..js (module.js:474:10)
    at Module.load (module.js:356:32)
    at Function.Module._load (module.js:312:12)
    at Function.Module.runMain (module.js:497:10)
[2013-08-12T10:09:17.790Z] (sys) Starting
/home/campus/configHome/lrs/config.json

events.js:72
        throw er; // Unhandled 'error' event
              ^
Error: listen EADDRINUSE
    at errnoException (net.js:900:11)
    at Server._listen2 (net.js:1038:14)
    at listen (net.js:1060:10)
    at Server.listen (net.js:1126:5)
    at Object.<anonymous> (/home/xdurana/github.uoc.es/lrs/app.js:24:24)
    at Module._compile (module.js:456:26)
    at Object.Module._extensions..js (module.js:474:10)
    at Module.load (module.js:356:32)
    at Function.Module._load (module.js:312:12)
    at Function.Module.runMain (module.js:497:10)
[2013-08-12T10:09:18.066Z] (sys) Starting
/home/campus/configHome/lrs/config.json

events.js:72
        throw er; // Unhandled 'error' event
              ^
Error: listen EADDRINUSE
    at errnoException (net.js:900:11)
    at Server._listen2 (net.js:1038:14)
    at listen (net.js:1060:10)
    at Server.listen (net.js:1126:5)
    at Object.<anonymous> (/home/xdurana/github.uoc.es/lrs/app.js:24:24)
    at Module._compile (module.js:456:26)
    at Object.Module._extensions..js (module.js:474:10)
    at Module.load (module.js:356:32)
    at Function.Module._load (module.js:312:12)
    at Function.Module.runMain (module.js:497:10)
[2013-08-12T10:09:35.022Z] (sys) Starting
/home/campus/configHome/lrs/config.json

events.js:72
        throw er; // Unhandled 'error' event
              ^
Error: listen EADDRINUSE
    at errnoException (net.js:900:11)
    at Server._listen2 (net.js:1038:14)
    at listen (net.js:1060:10)
    at Server.listen (net.js:1126:5)
    at Object.<anonymous> (/home/xdurana/github.uoc.es/lrs/app.js:24:24)
    at Module._compile (module.js:456:26)
    at Object.Module._extensions..js (module.js:474:10)
    at Module.load (module.js:356:32)
    at Function.Module._load (module.js:312:12)
    at Function.Module.runMain (module.js:497:10)
[2013-08-12T10:09:35.314Z] (sys) Starting
/home/campus/configHome/lrs/config.json

events.js:72
        throw er; // Unhandled 'error' event
              ^
Error: listen EADDRINUSE
    at errnoException (net.js:900:11)
    at Server._listen2 (net.js:1038:14)
    at listen (net.js:1060:10)
    at Server.listen (net.js:1126:5)
    at Object.<anonymous> (/home/xdurana/github.uoc.es/lrs/app.js:24:24)
    at Module._compile (module.js:456:26)
    at Object.Module._extensions..js (module.js:474:10)
    at Module.load (module.js:356:32)
    at Function.Module._load (module.js:312:12)
    at Function.Module.runMain (module.js:497:10)
[2013-08-12T10:09:35.589Z] (sys) Starting
/home/campus/configHome/lrs/config.json

events.js:72
        throw er; // Unhandled 'error' event
              ^
Error: listen EADDRINUSE
    at errnoException (net.js:900:11)
    at Server._listen2 (net.js:1038:14)
    at listen (net.js:1060:10)
    at Server.listen (net.js:1126:5)
    at Object.<anonymous> (/home/xdurana/github.uoc.es/lrs/app.js:24:24)
    at Module._compile (module.js:456:26)
    at Object.Module._extensions..js (module.js:474:10)
    at Module.load (module.js:356:32)
    at Function.Module._load (module.js:312:12)
    at Function.Module.runMain (module.js:497:10)
[2013-08-12T10:09:35.865Z] (sys) Starting
/home/campus/configHome/lrs/config.json

events.js:72
        throw er; // Unhandled 'error' event
              ^
Error: listen EADDRINUSE
    at errnoException (net.js:900:11)
    at Server._listen2 (net.js:1038:14)
    at listen (net.js:1060:10)
    at Server.listen (net.js:1126:5)
    at Object.<anonymous> (/home/xdurana/github.uoc.es/lrs/app.js:24:24)
    at Module._compile (module.js:456:26)
    at Object.Module._extensions..js (module.js:474:10)
    at Module.load (module.js:356:32)
    at Function.Module._load (module.js:312:12)
    at Function.Module.runMain (module.js:497:10)
[2013-08-12T10:09:36.144Z] (sys) Starting
/home/campus/configHome/lrs/config.json

events.js:72
        throw er; // Unhandled 'error' event
              ^
Error: listen EADDRINUSE
    at errnoException (net.js:900:11)
    at Server._listen2 (net.js:1038:14)
    at listen (net.js:1060:10)
    at Server.listen (net.js:1126:5)
    at Object.<anonymous> (/home/xdurana/github.uoc.es/lrs/app.js:24:24)
    at Module._compile (module.js:456:26)
    at Object.Module._extensions..js (module.js:474:10)
    at Module.load (module.js:356:32)
    at Function.Module._load (module.js:312:12)
    at Function.Module.runMain (module.js:497:10)
[2013-08-12T10:09:36.423Z] (sys) Starting
/home/campus/configHome/lrs/config.json

events.js:72
        throw er; // Unhandled 'error' event
              ^
Error: listen EADDRINUSE
    at errnoException (net.js:900:11)
    at Server._listen2 (net.js:1038:14)
    at listen (net.js:1060:10)
    at Server.listen (net.js:1126:5)
    at Object.<anonymous> (/home/xdurana/github.uoc.es/lrs/app.js:24:24)
    at Module._compile (module.js:456:26)
    at Object.Module._extensions..js (module.js:474:10)
    at Module.load (module.js:356:32)
    at Function.Module._load (module.js:312:12)
    at Function.Module.runMain (module.js:497:10)
[2013-08-12T10:10:58.508Z] (sys) Starting
/home/campus/configHome/lrs/config.json

events.js:72
        throw er; // Unhandled 'error' event
              ^
Error: listen EADDRINUSE
    at errnoException (net.js:900:11)
    at Server._listen2 (net.js:1038:14)
    at listen (net.js:1060:10)
    at Server.listen (net.js:1126:5)
    at Object.<anonymous> (/home/xdurana/github.uoc.es/lrs/app.js:24:24)
    at Module._compile (module.js:456:26)
    at Object.Module._extensions..js (module.js:474:10)
    at Module.load (module.js:356:32)
    at Function.Module._load (module.js:312:12)
    at Function.Module.runMain (module.js:497:10)
[2013-08-12T10:10:58.780Z] (sys) Starting
/home/campus/configHome/lrs/config.json

events.js:72
        throw er; // Unhandled 'error' event
              ^
Error: listen EADDRINUSE
    at errnoException (net.js:900:11)
    at Server._listen2 (net.js:1038:14)
    at listen (net.js:1060:10)
    at Server.listen (net.js:1126:5)
    at Object.<anonymous> (/home/xdurana/github.uoc.es/lrs/app.js:24:24)
    at Module._compile (module.js:456:26)
    at Object.Module._extensions..js (module.js:474:10)
    at Module.load (module.js:356:32)
    at Function.Module._load (module.js:312:12)
    at Function.Module.runMain (module.js:497:10)
[2013-08-12T10:10:59.047Z] (sys) Starting
/home/campus/configHome/lrs/config.json

events.js:72
        throw er; // Unhandled 'error' event
              ^
Error: listen EADDRINUSE
    at errnoException (net.js:900:11)
    at Server._listen2 (net.js:1038:14)
    at listen (net.js:1060:10)
    at Server.listen (net.js:1126:5)
    at Object.<anonymous> (/home/xdurana/github.uoc.es/lrs/app.js:24:24)
    at Module._compile (module.js:456:26)
    at Object.Module._extensions..js (module.js:474:10)
    at Module.load (module.js:356:32)
    at Function.Module._load (module.js:312:12)
    at Function.Module.runMain (module.js:497:10)
[2013-08-12T10:10:59.326Z] (sys) Starting
/home/campus/configHome/lrs/config.json

events.js:72
        throw er; // Unhandled 'error' event
              ^
Error: listen EADDRINUSE
    at errnoException (net.js:900:11)
    at Server._listen2 (net.js:1038:14)
    at listen (net.js:1060:10)
    at Server.listen (net.js:1126:5)
    at Object.<anonymous> (/home/xdurana/github.uoc.es/lrs/app.js:24:24)
    at Module._compile (module.js:456:26)
    at Object.Module._extensions..js (module.js:474:10)
    at Module.load (module.js:356:32)
    at Function.Module._load (module.js:312:12)
    at Function.Module.runMain (module.js:497:10)
[2013-08-12T10:10:59.611Z] (sys) Starting
/home/campus/configHome/lrs/config.json

events.js:72
        throw er; // Unhandled 'error' event
              ^
Error: listen EADDRINUSE
    at errnoException (net.js:900:11)
    at Server._listen2 (net.js:1038:14)
    at listen (net.js:1060:10)
    at Server.listen (net.js:1126:5)
    at Object.<anonymous> (/home/xdurana/github.uoc.es/lrs/app.js:24:24)
    at Module._compile (module.js:456:26)
    at Object.Module._extensions..js (module.js:474:10)
    at Module.load (module.js:356:32)
    at Function.Module._load (module.js:312:12)
    at Function.Module.runMain (module.js:497:10)
[2013-08-12T10:10:59.893Z] (sys) Starting
/home/campus/configHome/lrs/config.json

events.js:72
        throw er; // Unhandled 'error' event
              ^
Error: listen EADDRINUSE
    at errnoException (net.js:900:11)
    at Server._listen2 (net.js:1038:14)
    at listen (net.js:1060:10)
    at Server.listen (net.js:1126:5)
    at Object.<anonymous> (/home/xdurana/github.uoc.es/lrs/app.js:24:24)
    at Module._compile (module.js:456:26)
    at Object.Module._extensions..js (module.js:474:10)
    at Module.load (module.js:356:32)
    at Function.Module._load (module.js:312:12)
    at Function.Module.runMain (module.js:497:10)
[2013-08-12T10:11:39.045Z] (sys) Starting
/home/campus/configHome/lrs/config.json
Express server listening on port 3060
[90mGET /xapi/statements [32m200 [90m35ms - 16.27kb[0m
[90mGET /favicon.ico [33m404 [90m1ms[0m
[90mGET /favicon.ico [33m404 [90m0ms[0m
[90mGET /xapi/statements [36m304 [90m19ms[0m
[90mGET /favicon.ico [33m404 [90m1ms[0m
[90mGET /favicon.ico [33m404 [90m1ms[0m
[90mGET /xapi/statements [36m304 [90m16ms[0m
[90mGET /favicon.ico [33m404 [90m0ms[0m
[90mGET /favicon.ico [33m404 [90m0ms[0m
[2013-08-12T10:18:52.676Z] (sys) Starting
[2013-08-12T10:18:52.684Z] (sys) Starting
[2013-08-12T10:18:52.689Z] (sys) Starting
[2013-08-12T10:18:52.694Z] (sys) Starting
[2013-08-12T10:18:52.699Z] (sys) Starting
[2013-08-12T10:18:52.703Z] (sys) Starting
[2013-08-12T10:19:34.905Z] (sys) Starting
[2013-08-12T10:19:34.916Z] (sys) Starting
[2013-08-12T10:19:34.929Z] (sys) Starting
[2013-08-12T10:19:34.939Z] (sys) Starting
[2013-08-12T10:19:34.951Z] (sys) Starting
[2013-08-12T10:19:34.962Z] (sys) Starting
[2013-08-13T05:59:28.893Z] (sys) Starting
[2013-08-13T05:59:29.710Z] (sys) Starting
[2013-08-13T05:59:29.714Z] (sys) Starting
[2013-08-13T05:59:29.718Z] (sys) Starting
[2013-08-13T05:59:29.722Z] (sys) Starting
[2013-08-13T05:59:29.726Z] (sys) Starting
[2013-08-14T06:07:12.390Z] (sys) Starting
[2013-08-14T06:07:12.399Z] (sys) Starting
[2013-08-14T06:07:12.404Z] (sys) Starting
[2013-08-14T06:07:12.409Z] (sys) Starting
[2013-08-14T06:07:12.413Z] (sys) Starting
[2013-08-14T06:07:12.418Z] (sys) Starting
[2013-08-16T05:56:01.786Z] (sys) Starting
[2013-08-16T05:56:01.794Z] (sys) Starting
[2013-08-16T05:56:01.799Z] (sys) Starting
[2013-08-16T05:56:01.804Z] (sys) Starting
[2013-08-16T05:56:01.809Z] (sys) Starting
[2013-08-16T05:56:01.814Z] (sys) Starting
[2013-08-19T06:06:22.692Z] (sys) Starting
[2013-08-19T06:06:23.789Z] (sys) Starting
[2013-08-19T06:06:23.793Z] (sys) Starting
[2013-08-19T06:06:23.797Z] (sys) Starting
[2013-08-19T06:06:23.801Z] (sys) Starting
[2013-08-19T06:06:23.805Z] (sys) Starting
[2013-08-20T06:17:48.741Z] (sys) Starting
[2013-08-20T06:17:48.749Z] (sys) Starting
[2013-08-20T06:17:48.754Z] (sys) Starting
[2013-08-20T06:17:48.758Z] (sys) Starting
[2013-08-20T06:17:48.763Z] (sys) Starting
[2013-08-20T06:17:48.768Z] (sys) Starting
[2013-08-21T06:12:16.088Z] (sys) Starting
[2013-08-21T06:12:16.096Z] (sys) Starting
[2013-08-21T06:12:16.101Z] (sys) Starting
[2013-08-21T06:12:16.105Z] (sys) Starting
[2013-08-21T06:12:16.110Z] (sys) Starting
[2013-08-21T06:12:16.115Z] (sys) Starting
[2013-08-22T06:24:22.759Z] (sys) Starting
[2013-08-22T06:24:23.729Z] (sys) Starting
[2013-08-22T06:24:23.733Z] (sys) Starting
[2013-08-22T06:24:23.737Z] (sys) Starting
[2013-08-22T06:24:23.742Z] (sys) Starting
[2013-08-22T06:24:23.746Z] (sys) Starting
[2013-08-23T06:06:29.325Z] (sys) Starting
[2013-08-23T06:06:29.333Z] (sys) Starting
[2013-08-23T06:06:29.338Z] (sys) Starting
[2013-08-23T06:06:29.343Z] (sys) Starting
[2013-08-23T06:06:29.350Z] (sys) Starting
[2013-08-23T06:06:29.354Z] (sys) Starting
[2013-08-26T05:56:34.727Z] (sys) Starting
[2013-08-26T05:56:34.767Z] (sys) Starting
[2013-08-26T05:56:34.772Z] (sys) Starting
[2013-08-26T05:56:34.777Z] (sys) Starting
[2013-08-26T05:56:34.783Z] (sys) Starting
[2013-08-26T05:56:34.788Z] (sys) Starting
[2013-08-27T05:57:36.732Z] (sys) Starting
[2013-08-27T05:57:36.740Z] (sys) Starting
[2013-08-27T05:57:36.745Z] (sys) Starting
[2013-08-27T05:57:36.750Z] (sys) Starting
[2013-08-27T05:57:36.754Z] (sys) Starting
[2013-08-27T05:57:36.759Z] (sys) Starting
[2013-08-28T06:18:52.194Z] (sys) Starting
[2013-08-28T06:18:52.203Z] (sys) Starting
[2013-08-28T06:18:52.209Z] (sys) Starting
[2013-08-28T06:18:52.214Z] (sys) Starting
[2013-08-28T06:18:52.219Z] (sys) Starting
[2013-08-28T06:18:52.223Z] (sys) Starting
[2013-08-29T06:18:09.843Z] (sys) Starting
[2013-08-29T06:18:09.854Z] (sys) Starting
[2013-08-29T06:18:09.859Z] (sys) Starting
[2013-08-29T06:18:09.864Z] (sys) Starting
[2013-08-29T06:18:09.868Z] (sys) Starting
[2013-08-29T06:18:09.873Z] (sys) Starting
[2013-08-30T06:01:04.956Z] (sys) Starting
[2013-08-30T06:01:04.964Z] (sys) Starting
[2013-08-30T06:01:04.971Z] (sys) Starting
[2013-08-30T06:01:04.977Z] (sys) Starting
[2013-08-30T06:01:04.981Z] (sys) Starting
[2013-08-30T06:01:04.986Z] (sys) Starting
